<?xml version="1.0" encoding="UTF-8"?>
<!-- Generated by org.testng.reporters.JUnitReportReporter -->
<testsuite skipped="2" hostname="MacBook-Pro-de-Victor.local" name="Tests.FirstTests" tests="4" failures="0" timestamp="09 ago 2019 16:15:53 GMT" time="7.225" errors="0">
  <testcase name="addToCartItem" time="4.394" classname="Tests.FirstTests"/>
  <testcase name="validLogin" time="2.831" classname="Tests.FirstTests"/>
  <testcase name="shopWorkFlow" classname="Tests.FirstTests">
    <skipped/>
  </testcase> <!-- shopWorkFlow -->
  <testcase name="validateHomePageActive" classname="Tests.FirstTests">
    <skipped/>
  </testcase> <!-- validateHomePageActive -->
</testsuite> <!-- Tests.FirstTests -->
